#
# A fatal error has been detected by the Java Runtime Environment:
#
#  SIGILL (0x4) at pc=0x00007fff9d24d44e, pid=13730, tid=775
#
# JRE version: Java(TM) SE Runtime Environment (8.0_65-b17) (build 1.8.0_65-b17)
# Java VM: Java HotSpot(TM) 64-Bit Server VM (25.65-b01 mixed mode bsd-amd64 compressed oops)
# Problematic frame:
# C  [AppKit+0x3a544e]  -[NSApplication _crashOnException:]+0x6d
#
# Failed to write core dump. Core dumps have been disabled. To enable core dumping, try "ulimit -c unlimited" before starting Java again
#
# If you would like to submit a bug report, please visit:
#   http://bugreport.java.com/bugreport/crash.jsp
# The crash happened outside the Java Virtual Machine in native code.
# See problematic frame for where to report the bug.
#

---------------  T H R E A D  ---------------

Current thread (0x00007fbca0935000):  JavaThread "AWT-AppKit" daemon [_thread_in_native, id=775, stack(0x00007fff57dce000,0x00007fff585ce000)]

siginfo: si_signo: 4 (SIGILL), si_code: 1 (ILL_ILLOPC), si_addr: 0x00007fff9d24d44e

Registers:
RAX=0x00007fbcaada4a00, RBX=0x00007fbc9011f500, RCX=0x0000000000000001, RDX=0x0000000000000000
RSP=0x00007fff585c9b80, RBP=0x00007fff585c9b90, RSI=0x0000000000000e64, RDI=0x00007fbc8edc62c0
R8 =0x0000000008000100, R9 =0x0000000000000000, R10=0x00007fffba41f190, R11=0x00000000000015ff
R12=0x00007fff9db1800c, R13=0x18625fcc0a2b007a, R14=0x00007fffb4289040, R15=0x00007fbca880b530
RIP=0x00007fff9d24d44e, EFLAGS=0x0000000000010202, ERR=0x0000000000000000
  TRAPNO=0x0000000000000006

Top of Stack: (sp=0x00007fff585c9b80)
0x00007fff585c9b80:   00007fbc9011a7f8 00007fbca18aa060
0x00007fff585c9b90:   00007fff585c9c70 00007fff9d320a32
0x00007fff585c9ba0:   0000000107654200 0000000000000003
0x00007fff585c9bb0:   000000010764e000 00007fbcac200000
0x00007fff585c9bc0:   00007fff585c9c30 00007fffb4d0091f
0x00007fff585c9bd0:   0000000000000000 0000000000000002
0x00007fff585c9be0:   000000010764e000 0000000000000002
0x00007fff585c9bf0:   0000000107651a00 0000000107651a00
0x00007fff585c9c00:   00007fff585c9ce0 00007fffb4cff472
0x00007fff585c9c10:   ffff80436fee0b00 00007fffbd9e6f08
0x00007fff585c9c20:   0000000000000f58 0000000000000006
0x00007fff585c9c30:   00007fff585c9cc0 00007fffb4d164de
0x00007fff585c9c40:   18625fcc0a2b007a 00007fbca880b530
0x00007fff585c9c50:   0000000000000001 00007fbc9ee0de8a
0x00007fff585c9c60:   00007fbca880b540 00007fff585c9c90
0x00007fff585c9c70:   00007fff585c9c80 00007fff9f414d37
0x00007fff585c9c80:   00007fff585c9d30 00007fff9f414ca7
0x00007fff585c9c90:   00007fbca880b530 00007fff9f3c3c68
0x00007fff585c9ca0:   000000010764e000 ff80000000001000
0x00007fff585c9cb0:   00007fffba42b644 0000000000000001
0x00007fff585c9cc0:   00007fff585c9d30 00007fff9f414b76
0x00007fff585c9cd0:   00007fff585c9c90 00007fff585c9cd0
0x00007fff585c9ce0:   00007fbc9ee0de10 00007fbc9ee0df00
0x00007fff585c9cf0:   00007fff585c9c90 0000000000000002
0x00007fff585c9d00:   18625fcc0a2b007a 0000000000000001
0x00007fff585c9d10:   00007fbc9ee0de00 00007fbc9ee0def0
0x00007fff585c9d20:   0000000000000d03 00007fbc9ee0de01
0x00007fff585c9d30:   00007fff585caa20 00007fff9f3f56d9
0x00007fff585c9d40:   0000000000000031 0000000000000000
0x00007fff585c9d50:   00007fffba421da0 00007fbc90395b30
0x00007fff585c9d60:   0000000000000000 00007fbc90395b40
0x00007fff585c9d70:   9ee0de01585c9da0 0000000000000000 

Instructions: (pc=0x00007fff9d24d44e)
0x00007fff9d24d42e:   48 89 c7 ff 15 21 bd 8d 1c 48 8b 35 9a ea ba 1c
0x00007fff9d24d43e:   48 89 c7 ff 15 11 bd 8d 1c 48 89 05 72 e3 c1 1c
0x00007fff9d24d44e:   0f 0b 48 89 c7 e8 2e f8 7f 00 31 ff 31 f6 31 c0
0x00007fff9d24d45e:   e8 18 c5 e2 ff e8 42 f8 7f 00 48 89 c3 e8 2e f8 

Register to memory mapping:

RAX=0x00007fbcaada4a00 is an unknown value
RBX=0x00007fbc9011f500 is an unknown value
RCX=0x0000000000000001 is an unknown value
RDX=0x0000000000000000 is an unknown value
RSP=0x00007fff585c9b80 is pointing into the stack for thread: 0x00007fbca0935000
RBP=0x00007fff585c9b90 is pointing into the stack for thread: 0x00007fbca0935000
RSI=0x0000000000000e64 is an unknown value
RDI=0x00007fbc8edc62c0 is an unknown value
R8 =0x0000000008000100 is an unknown value
R9 =0x0000000000000000 is an unknown value
R10=0x00007fffba41f190: OBJC_CLASS_$___NSCFString+0 in /System/Library/Frameworks/CoreFoundation.framework/Versions/A/CoreFoundation at 0x00007fff9f36e000
R11=0x00000000000015ff is an unknown value
R12=0x00007fff9db1800c: __NSStyleNameIndexTable+0x82c54 in /System/Library/Frameworks/AppKit.framework/Versions/C/AppKit at 0x00007fff9cea8000
R13=0x18625fcc0a2b007a is an unknown value
R14=0x00007fffb4289040: objc_msgSend+0 in /usr/lib/libobjc.A.dylib at 0x00007fffb4282000
R15=0x00007fbca880b530 is an unknown value


Stack: [0x00007fff57dce000,0x00007fff585ce000],  sp=0x00007fff585c9b80,  free space=8174k
Native frames: (J=compiled Java code, j=interpreted, Vv=VM code, C=native code)
C  [AppKit+0x3a544e]  -[NSApplication _crashOnException:]+0x6d
C  [AppKit+0x478a32]  __37+[NSDisplayCycle currentDisplayCycle]_block_invoke.31+0x2c4
C  [CoreFoundation+0xa6d37]  __CFRUNLOOP_IS_CALLING_OUT_TO_AN_OBSERVER_CALLBACK_FUNCTION__+0x17
C  [CoreFoundation+0xa6ca7]  __CFRunLoopDoObservers+0x187
C  [CoreFoundation+0x876d9]  __CFRunLoopRun+0x369
C  [CoreFoundation+0x87114]  CFRunLoopRunSpecific+0x1a4
C  [HIToolbox+0x30ebc]  RunCurrentEventLoopInMode+0xf0
C  [HIToolbox+0x30cf1]  ReceiveNextEventCommon+0x1b0
C  [HIToolbox+0x30b26]  _BlockUntilNextEventMatchingListInModeWithFilter+0x47
C  [AppKit+0x46a54]  _DPSNextEvent+0x460
C  [AppKit+0x7c27ee]  -[NSApplication(NSEvent) _nextEventMatchingEventMask:untilDate:inMode:dequeue:]+0xaec
C  [libosxapp.dylib+0x23aa]  -[NSApplicationAWT nextEventMatchingMask:untilDate:inMode:dequeue:]+0x7c
C  [AppKit+0x3b3db]  -[NSApplication run]+0x39e
C  [libosxapp.dylib+0x214d]  +[NSApplicationAWT runAWTLoopWithApp:]+0x9c
C  [libawt_lwawt.dylib+0x44517]  -[AWTStarter starter:]+0x389
C  [Foundation+0x7152a]  __NSThreadPerformPerform+0x146
C  [CoreFoundation+0xa7321]  __CFRUNLOOP_IS_CALLING_OUT_TO_A_SOURCE0_PERFORM_FUNCTION__+0x11
C  [CoreFoundation+0x8821d]  __CFRunLoopDoSources0+0x22d
C  [CoreFoundation+0x87716]  __CFRunLoopRun+0x3a6
C  [CoreFoundation+0x87114]  CFRunLoopRunSpecific+0x1a4
C  [java+0x6463]  CreateExecutionEnvironment+0x367
C  [java+0x21ac]  JLI_Launch+0x7a0
C  [java+0x84c0]  main+0x65
C  [java+0x1a04]  start+0x34
C  0x0000000000000003


---------------  P R O C E S S  ---------------

Java Threads: ( => current thread )
  0x00007fbcad975000 JavaThread "pool-52-thread-1" [_thread_blocked, id=159719, stack(0x0000700011ef2000,0x0000700011ff2000)]
  0x00007fbcaddfc000 JavaThread "pool-51-thread-1" [_thread_blocked, id=136071, stack(0x0000700011ff5000,0x00007000120f5000)]
  0x00007fbc9f8c1000 JavaThread "pool-49-thread-1" [_thread_blocked, id=156027, stack(0x000070000ff1b000,0x000070001001b000)]
  0x00007fbc8f8da000 JavaThread "pool-47-thread-1" [_thread_blocked, id=157223, stack(0x000070000ec59000,0x000070000ed59000)]
  0x00007fbcaaad4800 JavaThread "pool-46-thread-1" [_thread_blocked, id=132911, stack(0x0000700011be9000,0x0000700011ce9000)]
  0x00007fbcabd89000 JavaThread "pool-45-thread-1" [_thread_blocked, id=135087, stack(0x000070000fb8c000,0x000070000fc8c000)]
  0x00007fbcaaca0000 JavaThread "pool-43-thread-1" [_thread_blocked, id=131307, stack(0x00007000117dd000,0x00007000118dd000)]
  0x00007fbca0916800 JavaThread "pool-42-thread-1" [_thread_blocked, id=156331, stack(0x00007000119e3000,0x0000700011ae3000)]
  0x00007fbc8fd44000 JavaThread "pool-40-thread-1" [_thread_blocked, id=158399, stack(0x00007000118e0000,0x00007000119e0000)]
  0x00007fbca80a9800 JavaThread "pool-36-thread-1" [_thread_blocked, id=139335, stack(0x000070000fd95000,0x000070000fe95000)]
  0x00007fbc9f223000 JavaThread "pool-31-thread-1" [_thread_blocked, id=155331, stack(0x00007000116da000,0x00007000117da000)]
  0x00007fbca1f93000 JavaThread "pool-30-thread-1" [_thread_blocked, id=154443, stack(0x00007000115d7000,0x00007000116d7000)]
  0x00007fbc9f1a7800 JavaThread "pool-28-thread-1" [_thread_blocked, id=149643, stack(0x00007000110c8000,0x00007000111c8000)]
  0x00007fbca0f1a000 JavaThread "J3D-Renderer-2" [_thread_blocked, id=58363, stack(0x000070000fc92000,0x000070000fd92000)]
  0x00007fbcaaba8000 JavaThread "pool-27-thread-1" [_thread_blocked, id=138599, stack(0x00007000112ce000,0x00007000113ce000)]
  0x00007fbc9fbda800 JavaThread "pool-26-thread-1" [_thread_blocked, id=109223, stack(0x00007000111cb000,0x00007000112cb000)]
  0x00007fbc9f20b800 JavaThread "pool-25-thread-1" [_thread_blocked, id=149127, stack(0x0000700010ec2000,0x0000700010fc2000)]
  0x00007fbc8fd83000 JavaThread "pool-23-thread-1" [_thread_blocked, id=136243, stack(0x0000700010fc5000,0x00007000110c5000)]
  0x00007fbcad8ae800 JavaThread "pool-21-thread-1" [_thread_blocked, id=148831, stack(0x0000700010cbc000,0x0000700010dbc000)]
  0x00007fbca8480800 JavaThread "pool-20-thread-1" [_thread_blocked, id=141455, stack(0x0000700010dbf000,0x0000700010ebf000)]
  0x00007fbc8fb1b800 JavaThread "pool-17-thread-1" [_thread_blocked, id=128087, stack(0x000070000f77d000,0x000070000f87d000)]
  0x00007fbc9fb1c800 JavaThread "pool-16-thread-1" [_thread_blocked, id=112671, stack(0x0000700010bb9000,0x0000700010cb9000)]
  0x00007fbcaa863800 JavaThread "pool-15-thread-1" [_thread_blocked, id=133931, stack(0x0000700010ab6000,0x0000700010bb6000)]
  0x00007fbca0cce000 JavaThread "pool-14-thread-1" [_thread_blocked, id=137215, stack(0x00007000109b3000,0x0000700010ab3000)]
  0x00007fbc8fe4d000 JavaThread "pool-13-thread-1" [_thread_blocked, id=63319, stack(0x00007000108b0000,0x00007000109b0000)]
  0x00007fbcadb17000 JavaThread "pool-11-thread-1" [_thread_blocked, id=138127, stack(0x00007000107ad000,0x00007000108ad000)]
  0x00007fbca0b6d800 JavaThread "pool-3-thread-16" [_thread_blocked, id=101739, stack(0x000070000fa89000,0x000070000fb89000)]
  0x00007fbca3891800 JavaThread "pool-3-thread-15" [_thread_blocked, id=126691, stack(0x000070000f986000,0x000070000fa86000)]
  0x00007fbc8fb40000 JavaThread "pool-3-thread-14" [_thread_blocked, id=127903, stack(0x000070000f883000,0x000070000f983000)]
  0x00007fbc8fa77000 JavaThread "pool-3-thread-13" [_thread_blocked, id=118719, stack(0x000070000d514000,0x000070000d614000)]
  0x00007fbc8fc3d000 JavaThread "pool-10-thread-1" [_thread_blocked, id=17051, stack(0x000070000d411000,0x000070000d511000)]
  0x00007fbc9f165800 JavaThread "pool-9-thread-1" [_thread_blocked, id=117835, stack(0x000070001019b000,0x000070001029b000)]
  0x00007fbca1adb800 JavaThread "pool-4-thread-8" [_thread_blocked, id=106039, stack(0x000070000f577000,0x000070000f677000)]
  0x00007fbca1e57800 JavaThread "pool-4-thread-7" [_thread_blocked, id=125415, stack(0x000070000f474000,0x000070000f574000)]
  0x00007fbcaadea000 JavaThread "pool-3-thread-12" [_thread_blocked, id=126219, stack(0x000070000f371000,0x000070000f471000)]
  0x00007fbca860c000 JavaThread "pool-3-thread-11" [_thread_blocked, id=105503, stack(0x000070000f26e000,0x000070000f36e000)]
  0x00007fbca20ba000 JavaThread "pool-3-thread-10" [_thread_blocked, id=45219, stack(0x000070000f16b000,0x000070000f26b000)]
  0x00007fbca2041000 JavaThread "pool-3-thread-9" [_thread_blocked, id=112351, stack(0x000070000f068000,0x000070000f168000)]
  0x00007fbc9faa8000 JavaThread "pool-3-thread-8" [_thread_blocked, id=112987, stack(0x000070000ef65000,0x000070000f065000)]
  0x00007fbca3883800 JavaThread "pool-3-thread-7" [_thread_blocked, id=95427, stack(0x000070000ee62000,0x000070000ef62000)]
  0x00007fbc9fd05000 JavaThread "pool-8-thread-1" [_thread_blocked, id=106619, stack(0x000070000f67a000,0x000070000f77a000)]
  0x00007fbca0d19800 JavaThread "Thread-10" [_thread_blocked, id=117567, stack(0x000070000ca73000,0x000070000cb73000)]
  0x00007fbc9fac7000 JavaThread "pool-7-thread-1" [_thread_blocked, id=115099, stack(0x000070000ed5f000,0x000070000ee5f000)]
  0x00007fbca206e800 JavaThread "pool-6-thread-1" [_thread_blocked, id=95803, stack(0x000070000c458000,0x000070000c558000)]
  0x00007fbca1c34800 JavaThread "pool-4-thread-6" [_thread_blocked, id=96727, stack(0x000070000eb56000,0x000070000ec56000)]
  0x00007fbca1a6d000 JavaThread "pool-4-thread-5" [_thread_blocked, id=96347, stack(0x000070000ea53000,0x000070000eb53000)]
  0x00007fbc9fe4d800 JavaThread "J3D-InputDeviceScheduler-2" [_thread_blocked, id=93699, stack(0x000070000e950000,0x000070000ea50000)]
  0x00007fbc9fe4c800 JavaThread "J3D-SoundSchedulerUpdateThread-2" [_thread_blocked, id=93187, stack(0x000070000e84d000,0x000070000e94d000)]
  0x00007fbc9f55f800 JavaThread "J3D-RenderStructureUpdateThread-2" [_thread_blocked, id=92675, stack(0x000070000e74a000,0x000070000e84a000)]
  0x00007fbc9f55f000 JavaThread "J3D-BehaviorScheduler-2" [_thread_blocked, id=92191, stack(0x000070000e647000,0x000070000e747000)]
  0x00007fbc9f841800 JavaThread "J3D-TransformStructureUpdateThread-2" [_thread_blocked, id=91143, stack(0x000070000e544000,0x000070000e644000)]
  0x00007fbca1d8f800 JavaThread "J3D-RenderingEnvironmentStructureUpdateThread-2" [_thread_blocked, id=90119, stack(0x000070000e441000,0x000070000e541000)]
  0x00007fbca1a45000 JavaThread "J3D-SoundStructureUpdateThread-2" [_thread_blocked, id=91655, stack(0x000070000e33e000,0x000070000e43e000)]
  0x00007fbc9f840800 JavaThread "J3D-GeometryStructureUpdateThread-2" [_thread_blocked, id=87559, stack(0x000070000e23b000,0x000070000e33b000)]
  0x00007fbca0c93800 JavaThread "J3D-BehaviorStructureUpdateThread-2" [_thread_blocked, id=88071, stack(0x000070000e138000,0x000070000e238000)]
  0x00007fbca1b07800 JavaThread "J3D-MasterControl-2" [_thread_blocked, id=88583, stack(0x000070000e035000,0x000070000e135000)]
  0x00007fbca2089800 JavaThread "J3D-NotificationThread" [_thread_blocked, id=87819, stack(0x000070000df32000,0x000070000e032000)]
  0x00007fbca284f000 JavaThread "J3D-TimerThread" [_thread_blocked, id=87239, stack(0x000070000de2f000,0x000070000df2f000)]
  0x00007fbc9f55e000 JavaThread "J3D-RenderingAttributesStructureUpdateThread" [_thread_blocked, id=89863, stack(0x000070000dd2c000,0x000070000de2c000)]
  0x00007fbc9f58c000 JavaThread "pool-5-thread-1" [_thread_blocked, id=71951, stack(0x000070000dc29000,0x000070000dd29000)]
  0x00007fbca2088800 JavaThread "pool-4-thread-4" [_thread_blocked, id=71463, stack(0x000070000ce82000,0x000070000cf82000)]
  0x00007fbc9f4a8800 JavaThread "pool-4-thread-3" [_thread_blocked, id=71747, stack(0x000070000cd7f000,0x000070000ce7f000)]
  0x00007fbca0ab1800 JavaThread "pool-4-thread-2" [_thread_blocked, id=72715, stack(0x000070000cc7c000,0x000070000cd7c000)]
  0x00007fbc9fe38000 JavaThread "pool-4-thread-1" [_thread_blocked, id=90647, stack(0x000070000cb79000,0x000070000cc79000)]
  0x00007fbca0f22800 JavaThread "pool-3-thread-6" [_thread_blocked, id=82179, stack(0x000070000db26000,0x000070000dc26000)]
  0x00007fbca1c76800 JavaThread "pool-3-thread-5" [_thread_blocked, id=81667, stack(0x000070000da23000,0x000070000db23000)]
  0x00007fbca18b0000 JavaThread "pool-3-thread-4" [_thread_blocked, id=81155, stack(0x000070000d920000,0x000070000da20000)]
  0x00007fbca1a88800 JavaThread "pool-3-thread-3" [_thread_blocked, id=80643, stack(0x000070000d81d000,0x000070000d91d000)]
  0x00007fbca1c3c000 JavaThread "pool-3-thread-2" [_thread_blocked, id=80139, stack(0x000070000d71a000,0x000070000d81a000)]
  0x00007fbca203f800 JavaThread "pool-3-thread-1" [_thread_blocked, id=63787, stack(0x000070000d617000,0x000070000d717000)]
  0x00007fbc9fc6a800 JavaThread "Timer-1" daemon [_thread_blocked, id=36723, stack(0x000070000d20b000,0x000070000d30b000)]
  0x00007fbca0ff7800 JavaThread "TimerQueue" daemon [_thread_blocked, id=64287, stack(0x000070000ae93000,0x000070000af93000)]
  0x00007fbc9f805000 JavaThread "DestroyJavaVM" [_thread_blocked, id=7171, stack(0x000070000b01c000,0x000070000b11c000)]
  0x00007fbc9f42e000 JavaThread "autoSaveTimer" daemon [_thread_blocked, id=78595, stack(0x000070000d30e000,0x000070000d40e000)]
  0x00007fbc9f218800 JavaThread "Timer-0" daemon [_thread_blocked, id=73743, stack(0x000070000d108000,0x000070000d208000)]
  0x00007fbc9f20a000 JavaThread "J3D-Renderer-1" [_thread_blocked, id=73219, stack(0x000070000d005000,0x000070000d105000)]
  0x00007fbc9f206800 JavaThread "AWT-EventQueue-0" [_thread_blocked, id=60979, stack(0x000070000c970000,0x000070000ca70000)]
  0x00007fbca09e4000 JavaThread "Java2D Queue Flusher" daemon [_thread_blocked, id=58631, stack(0x000070000c7ea000,0x000070000c8ea000)]
  0x00007fbc9f989000 JavaThread "Java2D Disposer" daemon [_thread_blocked, id=57091, stack(0x000070000c6e7000,0x000070000c7e7000)]
  0x00007fbc9f919800 JavaThread "AWT-Shutdown" [_thread_blocked, id=31775, stack(0x000070000c355000,0x000070000c455000)]
=>0x00007fbca0935000 JavaThread "AWT-AppKit" daemon [_thread_in_native, id=775, stack(0x00007fff57dce000,0x00007fff585ce000)]
  0x00007fbc9f802800 JavaThread "Service Thread" daemon [_thread_blocked, id=21251, stack(0x000070000c14f000,0x000070000c24f000)]
  0x00007fbc9f00b000 JavaThread "C1 CompilerThread3" daemon [_thread_blocked, id=20739, stack(0x000070000c04c000,0x000070000c14c000)]
  0x00007fbca0855000 JavaThread "C2 CompilerThread2" daemon [_thread_blocked, id=20227, stack(0x000070000bf49000,0x000070000c049000)]
  0x00007fbc9f00a800 JavaThread "C2 CompilerThread1" daemon [_thread_blocked, id=19715, stack(0x000070000be46000,0x000070000bf46000)]
  0x00007fbca1810000 JavaThread "C2 CompilerThread0" daemon [_thread_blocked, id=19203, stack(0x000070000bd43000,0x000070000be43000)]
  0x00007fbca180f000 JavaThread "Signal Dispatcher" daemon [_thread_blocked, id=18691, stack(0x000070000bc40000,0x000070000bd40000)]
  0x00007fbca084d000 JavaThread "Finalizer" daemon [_thread_blocked, id=14595, stack(0x000070000bb3d000,0x000070000bc3d000)]
  0x00007fbca084c000 JavaThread "Reference Handler" daemon [_thread_blocked, id=14083, stack(0x000070000ba3a000,0x000070000bb3a000)]

Other Threads:
  0x00007fbca1805800 VMThread [stack: 0x000070000b937000,0x000070000ba37000] [id=13571]
  0x00007fbca1809800 WatcherThread [stack: 0x000070000c252000,0x000070000c352000] [id=21763]

VM state:not at safepoint (normal execution)

VM Mutex/Monitor currently owned by a thread: None

Heap:
 PSYoungGen      total 72704K, used 40491K [0x000000076ab00000, 0x0000000770800000, 0x00000007c0000000)
  eden space 52224K, 77% used [0x000000076ab00000,0x000000076d25af48,0x000000076de00000)
  from space 20480K, 0% used [0x000000076f400000,0x000000076f430000,0x0000000770800000)
  to   space 21504K, 0% used [0x000000076de00000,0x000000076de00000,0x000000076f300000)
 ParOldGen       total 226304K, used 187902K [0x00000006c0000000, 0x00000006cdd00000, 0x000000076ab00000)
  object space 226304K, 83% used [0x00000006c0000000,0x00000006cb77f938,0x00000006cdd00000)
 Metaspace       used 46922K, capacity 47294K, committed 47872K, reserved 1091584K
  class space    used 4992K, capacity 5097K, committed 5120K, reserved 1048576K

Card table byte_map: [0x0000000109b49000,0x000000010a34a000] byte_map_base: 0x0000000106549000

Marking Bits: (ParMarkBitMap*) 0x00000001090dee20
 Begin Bits: [0x000000011eb80000, 0x0000000122b80000)
 End Bits:   [0x0000000122b80000, 0x0000000126b80000)

Polling page: 0x0000000107724000

CodeCache: size=245760Kb used=50015Kb max_used=50027Kb free=195744Kb
 bounds [0x000000010fb80000, 0x0000000112ce0000, 0x000000011eb80000]
 total_blobs=13768 nmethods=12580 adapters=1095
 compilation: enabled

Compilation events (10 events):
Event: 62459.080 Thread 0x00007fbca1810000 18237       4       java.awt.Component::setCursor (10 bytes)
Event: 62459.086 Thread 0x00007fbca1810000 nmethod 18237 0x0000000111f63310 code [0x0000000111f634e0, 0x0000000111f63bd8]
Event: 62459.105 Thread 0x00007fbc9f00b000 18238       3       com.sun.org.apache.xerces.internal.impl.dtd.XMLDTDValidator::getPropertyDefault (36 bytes)
Event: 62459.105 Thread 0x00007fbc9f00b000 nmethod 18238 0x0000000112c76fd0 code [0x0000000112c77160, 0x0000000112c774e8]
Event: 62461.918 Thread 0x00007fbc9f00b000 18239       3       com.eteks.sweethome3d.viewcontroller.HomeController3D::getView (34 bytes)
Event: 62461.918 Thread 0x00007fbc9f00b000 nmethod 18239 0x000000011017d950 code [0x000000011017dac0, 0x000000011017dd68]
Event: 62461.935 Thread 0x00007fbc9f00b000 18240       3       sun.misc.VM::isDirectMemoryPageAligned (4 bytes)
Event: 62461.936 Thread 0x00007fbc9f00b000 nmethod 18240 0x000000011196a910 code [0x000000011196aa60, 0x000000011196abb0]
Event: 62461.936 Thread 0x00007fbc9f00b000 18241       3       java.nio.Bits::pageSize (20 bytes)
Event: 62461.936 Thread 0x00007fbc9f00b000 nmethod 18241 0x0000000112534e90 code [0x0000000112535000, 0x00000001125352a8]

GC Heap History (10 events):
Event: 62446.868 GC heap before
{Heap before GC invocations=1051 (full 55):
 PSYoungGen      total 46592K, used 46464K [0x000000076ab00000, 0x0000000770b00000, 0x00000007c0000000)
  eden space 46080K, 100% used [0x000000076ab00000,0x000000076d800000,0x000000076d800000)
  from space 512K, 75% used [0x000000076d900000,0x000000076d960000,0x000000076d980000)
  to   space 26112K, 0% used [0x000000076f180000,0x000000076f180000,0x0000000770b00000)
 ParOldGen       total 226304K, used 187348K [0x00000006c0000000, 0x00000006cdd00000, 0x000000076ab00000)
  object space 226304K, 82% used [0x00000006c0000000,0x00000006cb6f5128,0x00000006cdd00000)
 Metaspace       used 46921K, capacity 47294K, committed 47872K, reserved 1091584K
  class space    used 4992K, capacity 5097K, committed 5120K, reserved 1048576K
Event: 62446.873 GC heap after
Heap after GC invocations=1051 (full 55):
 PSYoungGen      total 69120K, used 736K [0x000000076ab00000, 0x0000000770880000, 0x00000007c0000000)
  eden space 45568K, 0% used [0x000000076ab00000,0x000000076ab00000,0x000000076d780000)
  from space 23552K, 3% used [0x000000076f180000,0x000000076f238000,0x0000000770880000)
  to   space 25088K, 0% used [0x000000076d780000,0x000000076d780000,0x000000076f000000)
 ParOldGen       total 226304K, used 187348K [0x00000006c0000000, 0x00000006cdd00000, 0x000000076ab00000)
  object space 226304K, 82% used [0x00000006c0000000,0x00000006cb6f5128,0x00000006cdd00000)
 Metaspace       used 46921K, capacity 47294K, committed 47872K, reserved 1091584K
  class space    used 4992K, capacity 5097K, committed 5120K, reserved 1048576K
}
Event: 62447.164 GC heap before
{Heap before GC invocations=1052 (full 55):
 PSYoungGen      total 69120K, used 46304K [0x000000076ab00000, 0x0000000770880000, 0x00000007c0000000)
  eden space 45568K, 100% used [0x000000076ab00000,0x000000076d780000,0x000000076d780000)
  from space 23552K, 3% used [0x000000076f180000,0x000000076f238000,0x0000000770880000)
  to   space 25088K, 0% used [0x000000076d780000,0x000000076d780000,0x000000076f000000)
 ParOldGen       total 226304K, used 187348K [0x00000006c0000000, 0x00000006cdd00000, 0x000000076ab00000)
  object space 226304K, 82% used [0x00000006c0000000,0x00000006cb6f5128,0x00000006cdd00000)
 Metaspace       used 46921K, capacity 47294K, committed 47872K, reserved 1091584K
  class space    used 4992K, capacity 5097K, committed 5120K, reserved 1048576K
Event: 62447.169 GC heap after
Heap after GC invocations=1052 (full 55):
 PSYoungGen      total 46080K, used 672K [0x000000076ab00000, 0x0000000770600000, 0x00000007c0000000)
  eden space 45056K, 0% used [0x000000076ab00000,0x000000076ab00000,0x000000076d700000)
  from space 1024K, 65% used [0x000000076d780000,0x000000076d828000,0x000000076d880000)
  to   space 24064K, 0% used [0x000000076ee80000,0x000000076ee80000,0x0000000770600000)
 ParOldGen       total 226304K, used 187348K [0x00000006c0000000, 0x00000006cdd00000, 0x000000076ab00000)
  object space 226304K, 82% used [0x00000006c0000000,0x00000006cb6f5128,0x00000006cdd00000)
 Metaspace       used 46921K, capacity 47294K, committed 47872K, reserved 1091584K
  class space    used 4992K, capacity 5097K, committed 5120K, reserved 1048576K
}
Event: 62447.439 GC heap before
{Heap before GC invocations=1053 (full 55):
 PSYoungGen      total 46080K, used 45728K [0x000000076ab00000, 0x0000000770600000, 0x00000007c0000000)
  eden space 45056K, 100% used [0x000000076ab00000,0x000000076d700000,0x000000076d700000)
  from space 1024K, 65% used [0x000000076d780000,0x000000076d828000,0x000000076d880000)
  to   space 24064K, 0% used [0x000000076ee80000,0x000000076ee80000,0x0000000770600000)
 ParOldGen       total 226304K, used 187348K [0x00000006c0000000, 0x00000006cdd00000, 0x000000076ab00000)
  object space 226304K, 82% used [0x00000006c0000000,0x00000006cb6f5128,0x00000006cdd00000)
 Metaspace       used 46921K, capacity 47294K, committed 47872K, reserved 1091584K
  class space    used 4992K, capacity 5097K, committed 5120K, reserved 1048576K
Event: 62447.445 GC heap after
Heap after GC invocations=1053 (full 55):
 PSYoungGen      total 69632K, used 256K [0x000000076ab00000, 0x0000000770b80000, 0x00000007c0000000)
  eden space 45568K, 0% used [0x000000076ab00000,0x000000076ab00000,0x000000076d780000)
  from space 24064K, 1% used [0x000000076ee80000,0x000000076eec0000,0x0000000770600000)
  to   space 23552K, 0% used [0x000000076d780000,0x000000076d780000,0x000000076ee80000)
 ParOldGen       total 226304K, used 187846K [0x00000006c0000000, 0x00000006cdd00000, 0x000000076ab00000)
  object space 226304K, 83% used [0x00000006c0000000,0x00000006cb771938,0x00000006cdd00000)
 Metaspace       used 46921K, capacity 47294K, committed 47872K, reserved 1091584K
  class space    used 4992K, capacity 5097K, committed 5120K, reserved 1048576K
}
Event: 62448.090 GC heap before
{Heap before GC invocations=1054 (full 55):
 PSYoungGen      total 69632K, used 45824K [0x000000076ab00000, 0x0000000770b80000, 0x00000007c0000000)
  eden space 45568K, 100% used [0x000000076ab00000,0x000000076d780000,0x000000076d780000)
  from space 24064K, 1% used [0x000000076ee80000,0x000000076eec0000,0x0000000770600000)
  to   space 23552K, 0% used [0x000000076d780000,0x000000076d780000,0x000000076ee80000)
 ParOldGen       total 226304K, used 187846K [0x00000006c0000000, 0x00000006cdd00000, 0x000000076ab00000)
  object space 226304K, 83% used [0x00000006c0000000,0x00000006cb771938,0x00000006cdd00000)
 Metaspace       used 46921K, capacity 47294K, committed 47872K, reserved 1091584K
  class space    used 4992K, capacity 5097K, committed 5120K, reserved 1048576K
Event: 62448.095 GC heap after
Heap after GC invocations=1054 (full 55):
 PSYoungGen      total 69120K, used 224K [0x000000076ab00000, 0x0000000770a00000, 0x00000007c0000000)
  eden space 45568K, 0% used [0x000000076ab00000,0x000000076ab00000,0x000000076d780000)
  from space 23552K, 0% used [0x000000076d780000,0x000000076d7b8000,0x000000076ee80000)
  to   space 22528K, 0% used [0x000000076f400000,0x000000076f400000,0x0000000770a00000)
 ParOldGen       total 226304K, used 187878K [0x00000006c0000000, 0x00000006cdd00000, 0x000000076ab00000)
  object space 226304K, 83% used [0x00000006c0000000,0x00000006cb779938,0x00000006cdd00000)
 Metaspace       used 46921K, capacity 47294K, committed 47872K, reserved 1091584K
  class space    used 4992K, capacity 5097K, committed 5120K, reserved 1048576K
}
Event: 62449.504 GC heap before
{Heap before GC invocations=1055 (full 55):
 PSYoungGen      total 69120K, used 45792K [0x000000076ab00000, 0x0000000770a00000, 0x00000007c0000000)
  eden space 45568K, 100% used [0x000000076ab00000,0x000000076d780000,0x000000076d780000)
  from space 23552K, 0% used [0x000000076d780000,0x000000076d7b8000,0x000000076ee80000)
  to   space 22528K, 0% used [0x000000076f400000,0x000000076f400000,0x0000000770a00000)
 ParOldGen       total 226304K, used 187878K [0x00000006c0000000, 0x00000006cdd00000, 0x000000076ab00000)
  object space 226304K, 83% used [0x00000006c0000000,0x00000006cb779938,0x00000006cdd00000)
 Metaspace       used 46921K, capacity 47294K, committed 47872K, reserved 1091584K
  class space    used 4992K, capacity 5097K, committed 5120K, reserved 1048576K
Event: 62449.509 GC heap after
Heap after GC invocations=1055 (full 55):
 PSYoungGen      total 72704K, used 192K [0x000000076ab00000, 0x0000000770800000, 0x00000007c0000000)
  eden space 52224K, 0% used [0x000000076ab00000,0x000000076ab00000,0x000000076de00000)
  from space 20480K, 0% used [0x000000076f400000,0x000000076f430000,0x0000000770800000)
  to   space 21504K, 0% used [0x000000076de00000,0x000000076de00000,0x000000076f300000)
 ParOldGen       total 226304K, used 187902K [0x00000006c0000000, 0x00000006cdd00000, 0x000000076ab00000)
  object space 226304K, 83% used [0x00000006c0000000,0x00000006cb77f938,0x00000006cdd00000)
 Metaspace       used 46921K, capacity 47294K, committed 47872K, reserved 1091584K
  class space    used 4992K, capacity 5097K, committed 5120K, reserved 1048576K
}

Deoptimization events (10 events):
Event: 62207.499 Thread 0x00007fbc9f206800 Uncommon trap: reason=bimorphic action=maybe_recompile pc=0x000000011221e7b4 method=java.awt.Component.calculateCurrentShape()Lsun/java2d/pipe/Region; @ 114
Event: 62217.419 Thread 0x00007fbca1b07800 Uncommon trap: reason=unstable_if action=reinterpret pc=0x0000000111313d44 method=javax.media.j3d.MasterControl.updateTimeValues()V @ 501
Event: 62311.039 Thread 0x00007fbc9f206800 Uncommon trap: reason=unstable_if action=reinterpret pc=0x000000011013bf0c method=javax.swing.SortingFocusTraversalPolicy.getComponentDownCycle(Ljava/awt/Component;I)Ljava/awt/Component; @ 20
Event: 62326.439 Thread 0x00007fbc9f206800 Uncommon trap: reason=speculate_class_check action=maybe_recompile pc=0x0000000111413a60 method=javax.swing.text.AbstractDocument.replace(IILjava/lang/String;Ljavax/swing/text/AttributeSet;)V @ 74
Event: 62338.535 Thread 0x00007fbc9f58c000 Uncommon trap: reason=unstable_if action=reinterpret pc=0x000000011263af08 method=com.eteks.sweethome3d.j3d.HomePieceOfFurniture3D.setColorAndTexture(Ljavax/media/j3d/Node;Ljava/lang/Integer;Lcom/eteks/sweethome3d/model/HomeTexture;Ljava/lang/Float;[Lcom/
Event: 62338.539 Thread 0x00007fbc9f20a000 Uncommon trap: reason=unstable_if action=reinterpret pc=0x0000000110d73da4 method=javax.media.j3d.RenderMolecule.updateAttributes(Ljavax/media/j3d/Canvas3D;I)V @ 546
Event: 62345.920 Thread 0x00007fbc9f206800 Uncommon trap: reason=speculate_class_check action=maybe_recompile pc=0x0000000111413a60 method=javax.swing.text.AbstractDocument.replace(IILjava/lang/String;Ljavax/swing/text/AttributeSet;)V @ 74
Event: 62357.848 Thread 0x00007fbc9f206800 Uncommon trap: reason=speculate_class_check action=maybe_recompile pc=0x0000000111413a60 method=javax.swing.text.AbstractDocument.replace(IILjava/lang/String;Ljavax/swing/text/AttributeSet;)V @ 74
Event: 62428.179 Thread 0x00007fbca0f1a000 Uncommon trap: reason=unstable_if action=reinterpret pc=0x0000000111f7a00c method=javax.media.j3d.AttributeBin.updateAttributes(Ljavax/media/j3d/Canvas3D;)V @ 15
Event: 62429.575 Thread 0x00007fbc9f206800 Uncommon trap: reason=unstable_if action=reinterpret pc=0x0000000112bff614 method=javax.swing.MenuSelectionManager.processMouseEvent(Ljava/awt/event/MouseEvent;)V @ 407

Internal exceptions (10 events):
Event: 62441.570 Thread 0x00007fbc9f206800 Exception <a 'java/lang/NullPointerException'> (0x00000006c0013968) thrown at [/Users/java_re/workspace/8-2-build-macosx-x86_64/jdk8u65/4987/hotspot/src/share/vm/prims/jvm.cpp, line 1390]
Event: 62441.570 Thread 0x00007fbc9f206800 Exception <a 'java/lang/NullPointerException'> (0x00000006c0013968) thrown at [/Users/java_re/workspace/8-2-build-macosx-x86_64/jdk8u65/4987/hotspot/src/share/vm/prims/jvm.cpp, line 1390]
Event: 62441.670 Thread 0x00007fbc9f206800 Exception <a 'java/lang/NullPointerException'> (0x00000006c0013968) thrown at [/Users/java_re/workspace/8-2-build-macosx-x86_64/jdk8u65/4987/hotspot/src/share/vm/prims/jvm.cpp, line 1390]
Event: 62441.839 Thread 0x00007fbc9f206800 Exception <a 'java/lang/NullPointerException'> (0x00000006c0013968) thrown at [/Users/java_re/workspace/8-2-build-macosx-x86_64/jdk8u65/4987/hotspot/src/share/vm/prims/jvm.cpp, line 1390]
Event: 62446.873 Thread 0x00007fbca084d000 Implicit null exception at 0x0000000110cabb6c to 0x0000000110caccce
Event: 62446.873 Thread 0x00007fbca084d000 Exception <a 'java/lang/NullPointerException'> (0x000000076ab79df0) thrown at [/Users/java_re/workspace/8-2-build-macosx-x86_64/jdk8u65/4987/hotspot/src/share/vm/runtime/sharedRuntime.cpp, line 605]
Event: 62446.873 Thread 0x00007fbca084d000 Implicit null exception at 0x0000000110cabb6c to 0x0000000110caccce
Event: 62446.874 Thread 0x00007fbca084d000 Exception <a 'java/lang/NullPointerException'> (0x000000076ab79ff8) thrown at [/Users/java_re/workspace/8-2-build-macosx-x86_64/jdk8u65/4987/hotspot/src/share/vm/runtime/sharedRuntime.cpp, line 605]
Event: 62460.436 Thread 0x00007fbc9f206800 Exception <a 'java/lang/NullPointerException'> (0x00000006c0013968) thrown at [/Users/java_re/workspace/8-2-build-macosx-x86_64/jdk8u65/4987/hotspot/src/share/vm/prims/jvm.cpp, line 1390]
Event: 62460.513 Thread 0x00007fbc9f206800 Exception <a 'java/lang/NullPointerException'> (0x00000006c0013968) thrown at [/Users/java_re/workspace/8-2-build-macosx-x86_64/jdk8u65/4987/hotspot/src/share/vm/prims/jvm.cpp, line 1390]

Events (10 events):
Event: 62447.163 Executing VM operation: ParallelGCFailedAllocation
Event: 62447.169 Executing VM operation: ParallelGCFailedAllocation done
Event: 62447.439 Executing VM operation: ParallelGCFailedAllocation
Event: 62447.445 Executing VM operation: ParallelGCFailedAllocation done
Event: 62448.090 Executing VM operation: ParallelGCFailedAllocation
Event: 62448.095 Executing VM operation: ParallelGCFailedAllocation done
Event: 62449.504 Executing VM operation: ParallelGCFailedAllocation
Event: 62449.509 Executing VM operation: ParallelGCFailedAllocation done
Event: 62461.941 Executing VM operation: RevokeBias
Event: 62461.941 Executing VM operation: RevokeBias done


Dynamic libraries:
0x0000000029ff7000 	/System/Library/Frameworks/Cocoa.framework/Versions/A/Cocoa
0x0000000029ff7000 	/System/Library/Frameworks/Security.framework/Versions/A/Security
0x0000000029ff7000 	/System/Library/Frameworks/ApplicationServices.framework/Versions/A/ApplicationServices
0x0000000029ff7000 	/usr/lib/libz.1.dylib
0x0000000029ff7000 	/usr/lib/libSystem.B.dylib
0x0000000029ff7000 	/usr/lib/libobjc.A.dylib
0x0000000029ff7000 	/System/Library/Frameworks/CoreFoundation.framework/Versions/A/CoreFoundation
0x0000000029ff7000 	/System/Library/Frameworks/Foundation.framework/Versions/C/Foundation
0x0000000029ff7000 	/System/Library/Frameworks/AppKit.framework/Versions/C/AppKit
0x0000000029ff7000 	/System/Library/Frameworks/CoreData.framework/Versions/A/CoreData
0x0000000029ff7000 	/System/Library/PrivateFrameworks/RemoteViewServices.framework/Versions/A/RemoteViewServices
0x0000000029ff7000 	/System/Library/PrivateFrameworks/UIFoundation.framework/Versions/A/UIFoundation
0x0000000029ff7000 	/System/Library/PrivateFrameworks/DFRFoundation.framework/Versions/A/DFRFoundation
0x0000000029ff7000 	/usr/lib/libenergytrace.dylib
0x0000000029ff7000 	/System/Library/PrivateFrameworks/SkyLight.framework/Versions/A/SkyLight
0x0000000029ff7000 	/System/Library/Frameworks/CoreGraphics.framework/Versions/A/CoreGraphics
0x0000000029ff7000 	/usr/lib/libScreenReader.dylib
0x0000000029ff7000 	/System/Library/Frameworks/Accelerate.framework/Versions/A/Accelerate
0x0000000029ff7000 	/System/Library/Frameworks/IOSurface.framework/Versions/A/IOSurface
0x0000000029ff7000 	/System/Library/Frameworks/AudioToolbox.framework/Versions/A/AudioToolbox
0x0000000029ff7000 	/System/Library/Frameworks/AudioUnit.framework/Versions/A/AudioUnit
0x0000000029ff7000 	/System/Library/PrivateFrameworks/DataDetectorsCore.framework/Versions/A/DataDetectorsCore
0x0000000029ff7000 	/System/Library/PrivateFrameworks/DesktopServicesPriv.framework/Versions/A/DesktopServicesPriv
0x0000000029ff7000 	/System/Library/Frameworks/Carbon.framework/Versions/A/Frameworks/HIToolbox.framework/Versions/A/HIToolbox
0x0000000029ff7000 	/usr/lib/libicucore.A.dylib
0x0000000029ff7000 	/System/Library/Frameworks/QuartzCore.framework/Versions/A/QuartzCore
0x0000000029ff7000 	/System/Library/Frameworks/Carbon.framework/Versions/A/Frameworks/SpeechRecognition.framework/Versions/A/SpeechRecognition
0x0000000029ff7000 	/usr/lib/libauto.dylib
0x0000000029ff7000 	/usr/lib/libxml2.2.dylib
0x0000000029ff7000 	/System/Library/PrivateFrameworks/CoreUI.framework/Versions/A/CoreUI
0x0000000029ff7000 	/System/Library/Frameworks/CoreAudio.framework/Versions/A/CoreAudio
0x0000000029ff7000 	/System/Library/Frameworks/DiskArbitration.framework/Versions/A/DiskArbitration
0x0000000029ff7000 	/usr/lib/liblangid.dylib
0x0000000029ff7000 	/System/Library/PrivateFrameworks/MultitouchSupport.framework/Versions/A/MultitouchSupport
0x0000000029ff7000 	/System/Library/Frameworks/IOKit.framework/Versions/A/IOKit
0x0000000029ff7000 	/usr/lib/libDiagnosticMessagesClient.dylib
0x0000000029ff7000 	/System/Library/Frameworks/CoreServices.framework/Versions/A/CoreServices
0x0000000029ff7000 	/System/Library/PrivateFrameworks/PerformanceAnalysis.framework/Versions/A/PerformanceAnalysis
0x0000000029ff7000 	/System/Library/PrivateFrameworks/GenerationalStorage.framework/Versions/A/GenerationalStorage
0x0000000029ff7000 	/System/Library/Frameworks/OpenGL.framework/Versions/A/OpenGL
0x0000000029ff7000 	/System/Library/Frameworks/CoreImage.framework/Versions/A/CoreImage
0x0000000029ff7000 	/System/Library/Frameworks/CoreText.framework/Versions/A/CoreText
0x0000000029ff7000 	/System/Library/Frameworks/ImageIO.framework/Versions/A/ImageIO
0x0000000029ff7000 	/System/Library/PrivateFrameworks/Backup.framework/Versions/A/Backup
0x0000000029ff7000 	/usr/lib/libarchive.2.dylib
0x0000000029ff7000 	/System/Library/Frameworks/CFNetwork.framework/Versions/A/CFNetwork
0x0000000029ff7000 	/System/Library/Frameworks/SystemConfiguration.framework/Versions/A/SystemConfiguration
0x0000000029ff7000 	/usr/lib/libCRFSuite.dylib
0x0000000029ff7000 	/usr/lib/libc++.1.dylib
0x0000000029ff7000 	/usr/lib/libc++abi.dylib
0x0000000029ff7000 	/usr/lib/system/libcache.dylib
0x0000000029ff7000 	/usr/lib/system/libcommonCrypto.dylib
0x0000000029ff7000 	/usr/lib/system/libcompiler_rt.dylib
0x0000000029ff7000 	/usr/lib/system/libcopyfile.dylib
0x0000000029ff7000 	/usr/lib/system/libcorecrypto.dylib
0x0000000029ff7000 	/usr/lib/system/libdispatch.dylib
0x0000000029ff7000 	/usr/lib/system/libdyld.dylib
0x0000000029ff7000 	/usr/lib/system/libkeymgr.dylib
0x0000000029ff7000 	/usr/lib/system/liblaunch.dylib
0x0000000029ff7000 	/usr/lib/system/libmacho.dylib
0x0000000029ff7000 	/usr/lib/system/libquarantine.dylib
0x0000000029ff7000 	/usr/lib/system/libremovefile.dylib
0x0000000029ff7000 	/usr/lib/system/libsystem_asl.dylib
0x0000000029ff7000 	/usr/lib/system/libsystem_blocks.dylib
0x0000000029ff7000 	/usr/lib/system/libsystem_c.dylib
0x0000000029ff7000 	/usr/lib/system/libsystem_configuration.dylib
0x0000000029ff7000 	/usr/lib/system/libsystem_coreservices.dylib
0x0000000029ff7000 	/usr/lib/system/libsystem_coretls.dylib
0x0000000029ff7000 	/usr/lib/system/libsystem_dnssd.dylib
0x0000000029ff7000 	/usr/lib/system/libsystem_info.dylib
0x0000000029ff7000 	/usr/lib/system/libsystem_kernel.dylib
0x0000000029ff7000 	/usr/lib/system/libsystem_m.dylib
0x0000000029ff7000 	/usr/lib/system/libsystem_malloc.dylib
0x0000000029ff7000 	/usr/lib/system/libsystem_network.dylib
0x0000000029ff7000 	/usr/lib/system/libsystem_networkextension.dylib
0x0000000029ff7000 	/usr/lib/system/libsystem_notify.dylib
0x0000000029ff7000 	/usr/lib/system/libsystem_platform.dylib
0x0000000029ff7000 	/usr/lib/system/libsystem_pthread.dylib
0x0000000029ff7000 	/usr/lib/system/libsystem_sandbox.dylib
0x0000000029ff7000 	/usr/lib/system/libsystem_secinit.dylib
0x0000000029ff7000 	/usr/lib/system/libsystem_symptoms.dylib
0x0000000029ff7000 	/usr/lib/system/libsystem_trace.dylib
0x0000000029ff7000 	/usr/lib/system/libunwind.dylib
0x0000000029ff7000 	/usr/lib/system/libxpc.dylib
0x0000000029ff7000 	/usr/lib/libbsm.0.dylib
0x0000000029ff7000 	/usr/lib/system/libkxld.dylib
0x0000000029ff7000 	/usr/lib/libcoretls.dylib
0x0000000029ff7000 	/usr/lib/libcoretls_cfhelpers.dylib
0x0000000029ff7000 	/usr/lib/libOpenScriptingUtil.dylib
0x0000000029ff7000 	/usr/lib/libpam.2.dylib
0x0000000029ff7000 	/usr/lib/libsqlite3.dylib
0x0000000029ff7000 	/usr/lib/libxar.1.dylib
0x0000000029ff7000 	/usr/lib/libbz2.1.0.dylib
0x0000000029ff7000 	/usr/lib/liblzma.5.dylib
0x0000000029ff7000 	/usr/lib/libnetwork.dylib
0x0000000029ff7000 	/usr/lib/libpcap.A.dylib
0x0000000029ff7000 	/System/Library/Frameworks/CoreServices.framework/Versions/A/Frameworks/FSEvents.framework/Versions/A/FSEvents
0x0000000029ff7000 	/System/Library/Frameworks/CoreServices.framework/Versions/A/Frameworks/CarbonCore.framework/Versions/A/CarbonCore
0x0000000029ff7000 	/System/Library/Frameworks/CoreServices.framework/Versions/A/Frameworks/Metadata.framework/Versions/A/Metadata
0x0000000029ff7000 	/System/Library/Frameworks/CoreServices.framework/Versions/A/Frameworks/OSServices.framework/Versions/A/OSServices
0x0000000029ff7000 	/System/Library/Frameworks/CoreServices.framework/Versions/A/Frameworks/SearchKit.framework/Versions/A/SearchKit
0x0000000029ff7000 	/System/Library/Frameworks/CoreServices.framework/Versions/A/Frameworks/AE.framework/Versions/A/AE
0x0000000029ff7000 	/System/Library/Frameworks/CoreServices.framework/Versions/A/Frameworks/LaunchServices.framework/Versions/A/LaunchServices
0x0000000029ff7000 	/System/Library/Frameworks/CoreServices.framework/Versions/A/Frameworks/DictionaryServices.framework/Versions/A/DictionaryServices
0x0000000029ff7000 	/System/Library/Frameworks/CoreServices.framework/Versions/A/Frameworks/SharedFileList.framework/Versions/A/SharedFileList
0x0000000029ff7000 	/System/Library/Frameworks/NetFS.framework/Versions/A/NetFS
0x0000000029ff7000 	/System/Library/PrivateFrameworks/NetAuth.framework/Versions/A/NetAuth
0x0000000029ff7000 	/System/Library/PrivateFrameworks/login.framework/Versions/A/Frameworks/loginsupport.framework/Versions/A/loginsupport
0x0000000029ff7000 	/System/Library/PrivateFrameworks/TCC.framework/Versions/A/TCC
0x0000000029ff7000 	/usr/lib/libmecabra.dylib
0x0000000029ff7000 	/System/Library/Frameworks/ApplicationServices.framework/Versions/A/Frameworks/ATS.framework/Versions/A/ATS
0x0000000029ff7000 	/System/Library/Frameworks/ApplicationServices.framework/Versions/A/Frameworks/ColorSync.framework/Versions/A/ColorSync
0x0000000029ff7000 	/System/Library/Frameworks/ApplicationServices.framework/Versions/A/Frameworks/HIServices.framework/Versions/A/HIServices
0x0000000029ff7000 	/System/Library/Frameworks/ApplicationServices.framework/Versions/A/Frameworks/LangAnalysis.framework/Versions/A/LangAnalysis
0x0000000029ff7000 	/System/Library/Frameworks/ApplicationServices.framework/Versions/A/Frameworks/PrintCore.framework/Versions/A/PrintCore
0x0000000029ff7000 	/System/Library/Frameworks/ApplicationServices.framework/Versions/A/Frameworks/QD.framework/Versions/A/QD
0x0000000029ff7000 	/System/Library/Frameworks/ApplicationServices.framework/Versions/A/Frameworks/SpeechSynthesis.framework/Versions/A/SpeechSynthesis
0x0000000029ff7000 	/System/Library/Frameworks/Accelerate.framework/Versions/A/Frameworks/vImage.framework/Versions/A/vImage
0x0000000029ff7000 	/System/Library/Frameworks/Accelerate.framework/Versions/A/Frameworks/vecLib.framework/Versions/A/vecLib
0x0000000029ff7000 	/System/Library/Frameworks/Accelerate.framework/Versions/A/Frameworks/vecLib.framework/Versions/A/libvDSP.dylib
0x0000000029ff7000 	/System/Library/Frameworks/Accelerate.framework/Versions/A/Frameworks/vecLib.framework/Versions/A/libBNNS.dylib
0x0000000029ff7000 	/System/Library/Frameworks/Accelerate.framework/Versions/A/Frameworks/vecLib.framework/Versions/A/libQuadrature.dylib
0x0000000029ff7000 	/System/Library/Frameworks/Accelerate.framework/Versions/A/Frameworks/vecLib.framework/Versions/A/libvMisc.dylib
0x0000000029ff7000 	/System/Library/Frameworks/Accelerate.framework/Versions/A/Frameworks/vecLib.framework/Versions/A/libLAPACK.dylib
0x0000000029ff7000 	/System/Library/Frameworks/Accelerate.framework/Versions/A/Frameworks/vecLib.framework/Versions/A/libBLAS.dylib
0x0000000029ff7000 	/System/Library/Frameworks/Accelerate.framework/Versions/A/Frameworks/vecLib.framework/Versions/A/libLinearAlgebra.dylib
0x0000000029ff7000 	/System/Library/Frameworks/Accelerate.framework/Versions/A/Frameworks/vecLib.framework/Versions/A/libSparseBLAS.dylib
0x0000000029ff7000 	/System/Library/Frameworks/ApplicationServices.framework/Versions/A/Frameworks/ATS.framework/Versions/A/Resources/libFontParser.dylib
0x0000000029ff7000 	/System/Library/Frameworks/ApplicationServices.framework/Versions/A/Frameworks/ATS.framework/Versions/A/Resources/libFontRegistry.dylib
0x0000000029ff7000 	/System/Library/Frameworks/ImageIO.framework/Versions/A/Resources/libJPEG.dylib
0x0000000029ff7000 	/System/Library/Frameworks/ImageIO.framework/Versions/A/Resources/libTIFF.dylib
0x0000000029ff7000 	/System/Library/Frameworks/ImageIO.framework/Versions/A/Resources/libPng.dylib
0x0000000029ff7000 	/System/Library/Frameworks/ImageIO.framework/Versions/A/Resources/libGIF.dylib
0x0000000029ff7000 	/System/Library/Frameworks/ImageIO.framework/Versions/A/Resources/libJP2.dylib
0x0000000029ff7000 	/System/Library/Frameworks/ImageIO.framework/Versions/A/Resources/libRadiance.dylib
0x0000000029ff7000 	/usr/lib/libcompression.dylib
0x0000000029ff7000 	/System/Library/PrivateFrameworks/AppleJPEG.framework/Versions/A/AppleJPEG
0x0000000029ff7000 	/usr/lib/libcups.2.dylib
0x0000000029ff7000 	/System/Library/Frameworks/Kerberos.framework/Versions/A/Kerberos
0x0000000029ff7000 	/System/Library/Frameworks/GSS.framework/Versions/A/GSS
0x0000000029ff7000 	/usr/lib/libresolv.9.dylib
0x0000000029ff7000 	/usr/lib/libiconv.2.dylib
0x0000000029ff7000 	/System/Library/PrivateFrameworks/Heimdal.framework/Versions/A/Heimdal
0x0000000029ff7000 	/usr/lib/libheimdal-asn1.dylib
0x0000000029ff7000 	/System/Library/Frameworks/OpenDirectory.framework/Versions/A/OpenDirectory
0x0000000029ff7000 	/System/Library/PrivateFrameworks/CommonAuth.framework/Versions/A/CommonAuth
0x0000000029ff7000 	/System/Library/Frameworks/OpenDirectory.framework/Versions/A/Frameworks/CFOpenDirectory.framework/Versions/A/CFOpenDirectory
0x0000000029ff7000 	/System/Library/Frameworks/SecurityFoundation.framework/Versions/A/SecurityFoundation
0x0000000029ff7000 	/System/Library/PrivateFrameworks/LanguageModeling.framework/Versions/A/LanguageModeling
0x0000000029ff7000 	/usr/lib/libmarisa.dylib
0x0000000029ff7000 	/usr/lib/libChineseTokenizer.dylib
0x0000000029ff7000 	/usr/lib/libcmph.dylib
0x0000000029ff7000 	/System/Library/PrivateFrameworks/CoreEmoji.framework/Versions/A/CoreEmoji
0x0000000029ff7000 	/System/Library/Frameworks/ServiceManagement.framework/Versions/A/ServiceManagement
0x0000000029ff7000 	/usr/lib/libxslt.1.dylib
0x0000000029ff7000 	/System/Library/Frameworks/Carbon.framework/Versions/A/Frameworks/Ink.framework/Versions/A/Ink
0x0000000029ff7000 	/System/Library/PrivateFrameworks/TextureIO.framework/Versions/A/TextureIO
0x0000000029ff7000 	/System/Library/Frameworks/Metal.framework/Versions/A/Metal
0x0000000029ff7000 	/usr/lib/libate.dylib
0x0000000029ff7000 	/System/Library/PrivateFrameworks/GPUCompiler.framework/libmetal_timestamp.dylib
0x0000000029ff7000 	/System/Library/Frameworks/OpenGL.framework/Versions/A/Libraries/libCoreFSCache.dylib
0x0000000029ff7000 	/System/Library/PrivateFrameworks/IOAccelerator.framework/Versions/A/IOAccelerator
0x0000000029ff7000 	/System/Library/Frameworks/CoreVideo.framework/Versions/A/CoreVideo
0x0000000029ff7000 	/usr/lib/libFosl_dynamic.dylib
0x0000000029ff7000 	/System/Library/PrivateFrameworks/MetalPerformanceShaders.framework/Versions/A/MetalPerformanceShaders
0x0000000029ff7000 	/System/Library/PrivateFrameworks/FaceCore.framework/Versions/A/FaceCore
0x0000000029ff7000 	/System/Library/Frameworks/OpenCL.framework/Versions/A/OpenCL
0x0000000029ff7000 	/System/Library/Frameworks/OpenGL.framework/Versions/A/Libraries/libGLU.dylib
0x0000000029ff7000 	/System/Library/Frameworks/OpenGL.framework/Versions/A/Libraries/libGFXShared.dylib
0x0000000029ff7000 	/System/Library/Frameworks/OpenGL.framework/Versions/A/Libraries/libGL.dylib
0x0000000029ff7000 	/System/Library/Frameworks/OpenGL.framework/Versions/A/Libraries/libGLImage.dylib
0x0000000029ff7000 	/System/Library/Frameworks/OpenGL.framework/Versions/A/Libraries/libCVMSPluginSupport.dylib
0x0000000029ff7000 	/System/Library/Frameworks/OpenGL.framework/Versions/A/Libraries/libCoreVMClient.dylib
0x0000000029ff7000 	/System/Library/PrivateFrameworks/CrashReporterSupport.framework/Versions/A/CrashReporterSupport
0x0000000029ff7000 	/System/Library/PrivateFrameworks/Sharing.framework/Versions/A/Sharing
0x0000000029ff7000 	/System/Library/PrivateFrameworks/IconServices.framework/Versions/A/IconServices
0x0000000029ff7000 	/System/Library/PrivateFrameworks/ProtocolBuffer.framework/Versions/A/ProtocolBuffer
0x0000000029ff7000 	/System/Library/PrivateFrameworks/Apple80211.framework/Versions/A/Apple80211
0x0000000029ff7000 	/System/Library/Frameworks/CoreWLAN.framework/Versions/A/CoreWLAN
0x0000000029ff7000 	/System/Library/PrivateFrameworks/CoreUtils.framework/Versions/A/CoreUtils
0x0000000029ff7000 	/System/Library/Frameworks/IOBluetooth.framework/Versions/A/IOBluetooth
0x0000000029ff7000 	/System/Library/PrivateFrameworks/CoreWiFi.framework/Versions/A/CoreWiFi
0x0000000029ff7000 	/System/Library/Frameworks/CoreBluetooth.framework/Versions/A/CoreBluetooth
0x0000000029ff7000 	/System/Library/Frameworks/CoreDisplay.framework/Versions/A/CoreDisplay
0x0000000029ff7000 	/System/Library/PrivateFrameworks/IOPresentment.framework/Versions/A/IOPresentment
0x0000000029ff7000 	/System/Library/PrivateFrameworks/DSExternalDisplay.framework/Versions/A/DSExternalDisplay
0x0000000029ff7000 	/System/Library/PrivateFrameworks/DebugSymbols.framework/Versions/A/DebugSymbols
0x0000000029ff7000 	/System/Library/PrivateFrameworks/CoreSymbolication.framework/Versions/A/CoreSymbolication
0x0000000029ff7000 	/System/Library/PrivateFrameworks/Symbolication.framework/Versions/A/Symbolication
0x0000000029ff7000 	/System/Library/PrivateFrameworks/AppleFSCompression.framework/Versions/A/AppleFSCompression
0x0000000029ff7000 	/System/Library/PrivateFrameworks/SpeechRecognitionCore.framework/Versions/A/SpeechRecognitionCore
0x0000000029ff7000 	/System/Library/PrivateFrameworks/ChunkingLibrary.framework/Versions/A/ChunkingLibrary
0x0000000108800000 	/Library/Java/JavaVirtualMachines/jdk1.8.0_65.jdk/Contents/Home/jre/lib/server/libjvm.dylib
0x0000000029ff7000 	/usr/lib/libstdc++.6.dylib
0x00000001076e1000 	/Library/Java/JavaVirtualMachines/jdk1.8.0_65.jdk/Contents/Home/jre/lib/libverify.dylib
0x00000001076ef000 	/Library/Java/JavaVirtualMachines/jdk1.8.0_65.jdk/Contents/Home/jre/lib/libjava.dylib
0x000000010772e000 	/Library/Java/JavaVirtualMachines/jdk1.8.0_65.jdk/Contents/Home/jre/lib/libzip.dylib
0x00000001077e2000 	/System/Library/Frameworks/JavaVM.framework/Frameworks/JavaRuntimeSupport.framework/JavaRuntimeSupport
0x000000010d76b000 	/System/Library/Frameworks/JavaVM.framework/Versions/A/Frameworks/JavaNativeFoundation.framework/Versions/A/JavaNativeFoundation
0x000000010d780000 	/System/Library/Frameworks/JavaVM.framework/Versions/A/JavaVM
0x0000000029ff7000 	/System/Library/Frameworks/Carbon.framework/Versions/A/Carbon
0x000000010d78d000 	/System/Library/PrivateFrameworks/JavaLaunching.framework/Versions/A/JavaLaunching
0x0000000029ff7000 	/System/Library/Frameworks/Carbon.framework/Versions/A/Frameworks/CommonPanels.framework/Versions/A/CommonPanels
0x0000000029ff7000 	/System/Library/Frameworks/Carbon.framework/Versions/A/Frameworks/Help.framework/Versions/A/Help
0x0000000029ff7000 	/System/Library/Frameworks/Carbon.framework/Versions/A/Frameworks/ImageCapture.framework/Versions/A/ImageCapture
0x0000000029ff7000 	/System/Library/Frameworks/Carbon.framework/Versions/A/Frameworks/OpenScripting.framework/Versions/A/OpenScripting
0x0000000029ff7000 	/System/Library/Frameworks/Carbon.framework/Versions/A/Frameworks/Print.framework/Versions/A/Print
0x0000000029ff7000 	/System/Library/Frameworks/Carbon.framework/Versions/A/Frameworks/SecurityHI.framework/Versions/A/SecurityHI
0x000000010f19e000 	/Library/Java/JavaVirtualMachines/jdk1.8.0_65.jdk/Contents/Home/jre/lib/libawt.dylib
0x000000010f246000 	/Library/Java/JavaVirtualMachines/jdk1.8.0_65.jdk/Contents/Home/jre/lib/./libmlib_image.dylib
0x000000010f312000 	/Library/Java/JavaVirtualMachines/jdk1.8.0_65.jdk/Contents/Home/jre/lib/libawt_lwawt.dylib
0x000000010f3c7000 	/Library/Java/JavaVirtualMachines/jdk1.8.0_65.jdk/Contents/Home/jre/lib/./libosxapp.dylib
0x0000000029ff7000 	/System/Library/Frameworks/ExceptionHandling.framework/Versions/A/ExceptionHandling
0x0000000029ff7000 	/System/Library/PrivateFrameworks/CoreServicesInternal.framework/Versions/A/CoreServicesInternal
0x0000000029ff7000 	/System/Library/CoreServices/RawCamera.bundle/Contents/MacOS/RawCamera
0x0000000029ff7000 	/System/Library/Frameworks/Accelerate.framework/Versions/A/Frameworks/vImage.framework/Versions/A/Libraries/libCGInterfaces.dylib
0x0000000029ff7000 	/System/Library/Frameworks/ApplicationServices.framework/Versions/A/Frameworks/ATS.framework/Versions/A/Resources/libTrueTypeScaler.dylib
0x000000012d8b2000 	/System/Library/Frameworks/OpenGL.framework/Resources/GLEngine.bundle/GLEngine
0x0000000029ff7000 	/System/Library/Frameworks/OpenGL.framework/Versions/A/Libraries/libGLProgrammability.dylib
0x000000012da97000 	/System/Library/Extensions/AppleIntelHD5000GraphicsGLDriver.bundle/Contents/MacOS/AppleIntelHD5000GraphicsGLDriver
0x0000000029ff7000 	/System/Library/PrivateFrameworks/GPUSupport.framework/Versions/A/Libraries/libGPUSupportMercury.dylib
0x000000012e209000 	/System/Library/Frameworks/OpenGL.framework/Resources//GLRendererFloat.bundle/GLRendererFloat
0x0000000029ff7000 	/System/Library/Frameworks/OpenCL.framework/Versions/A/Libraries/libcldcpuengine.dylib
0x0000000029ff7000 	/usr/lib/libcrypto.0.9.8.dylib
0x0000000029ff7000 	/System/Library/PrivateFrameworks/TrustEvaluationAgent.framework/Versions/A/TrustEvaluationAgent
0x000000012e23d000 	/System/Library/Extensions/AppleIntelHD5000GraphicsMTLDriver.bundle/Contents/MacOS/AppleIntelHD5000GraphicsMTLDriver
0x0000000029ff7000 	/System/Library/PrivateFrameworks/FamilyControls.framework/Versions/A/FamilyControls
0x0000000029ff7000 	/System/Library/PrivateFrameworks/CommerceKit.framework/Versions/A/Frameworks/CommerceCore.framework/Versions/A/CommerceCore
0x0000000029ff7000 	/System/Library/PrivateFrameworks/SystemAdministration.framework/Versions/A/SystemAdministration
0x0000000029ff7000 	/System/Library/PrivateFrameworks/AppContainer.framework/Versions/A/AppContainer
0x0000000029ff7000 	/System/Library/PrivateFrameworks/SecCodeWrapper.framework/Versions/A/SecCodeWrapper
0x0000000029ff7000 	/System/Library/Frameworks/DirectoryService.framework/Versions/A/DirectoryService
0x0000000029ff7000 	/System/Library/PrivateFrameworks/DiskImages.framework/Versions/A/DiskImages
0x0000000029ff7000 	/System/Library/PrivateFrameworks/LoginUIKit.framework/Versions/A/Frameworks/LoginUICore.framework/Versions/A/LoginUICore
0x0000000029ff7000 	/usr/lib/libCoreStorage.dylib
0x0000000029ff7000 	/usr/lib/libcsfde.dylib
0x0000000029ff7000 	/usr/lib/libodfde.dylib
0x0000000029ff7000 	/System/Library/Frameworks/DiscRecording.framework/Versions/A/DiscRecording
0x0000000029ff7000 	/usr/lib/libcurl.4.dylib
0x0000000029ff7000 	/System/Library/PrivateFrameworks/MediaKit.framework/Versions/A/MediaKit
0x0000000029ff7000 	/System/Library/PrivateFrameworks/ProtectedCloudStorage.framework/Versions/A/ProtectedCloudStorage
0x0000000029ff7000 	/System/Library/PrivateFrameworks/EFILogin.framework/Versions/A/EFILogin
0x0000000029ff7000 	/usr/lib/libutil.dylib
0x0000000029ff7000 	/System/Library/Frameworks/LDAP.framework/Versions/A/LDAP
0x0000000029ff7000 	/usr/lib/libsasl2.2.dylib
0x0000000029ff7000 	/System/Library/PrivateFrameworks/CoreDaemon.framework/Versions/B/CoreDaemon
0x0000000029ff7000 	/System/Library/PrivateFrameworks/AppleSRP.framework/Versions/A/AppleSRP
0x0000000029ff7000 	/System/Library/PrivateFrameworks/APFS.framework/Versions/A/APFS
0x000000012e400000 	/Library/Java/JavaVirtualMachines/jdk1.8.0_65.jdk/Contents/Home/jre/lib/libnio.dylib
0x000000012f6b9000 	/Library/Java/JavaVirtualMachines/jdk1.8.0_65.jdk/Contents/Home/jre/lib/./libnet.dylib
0x000000012f6d0000 	/Library/Java/JavaVirtualMachines/jdk1.8.0_65.jdk/Contents/Home/jre/lib/libjpeg.dylib
0x000000012f70f000 	/Library/Java/JavaVirtualMachines/jdk1.8.0_65.jdk/Contents/Home/jre/lib/liblcms.dylib
0x00000001304c5000 	/Library/Java/JavaVirtualMachines/jdk1.8.0_65.jdk/Contents/Home/jre/lib/libfontmanager.dylib
0x0000000029ff7000 	/System/Library/PrivateFrameworks/ViewBridge.framework/Versions/A/ViewBridge
0x0000000029ff7000 	/System/Library/PrivateFrameworks/XPCService.framework/Versions/A/XPCService
0x0000000029ff7000 	/System/Library/PrivateFrameworks/AppSandbox.framework/Versions/A/AppSandbox
0x0000000029ff7000 	/usr/lib/libsandbox.1.dylib
0x0000000029ff7000 	/usr/lib/libMatch.1.dylib
0x0000000131608000 	/private/var/folders/gy/grmmt33d5m5767xzpbpc6r840000gn/T/extension8031098096419948209.jnilib
0x0000000132ab1000 	/private/var/folders/gy/grmmt33d5m5767xzpbpc6r840000gn/T/extension4807764346076571344.jnilib
0x0000000132ab4000 	/Library/Java/JavaVirtualMachines/jdk1.8.0_65.jdk/Contents/Home/jre/lib/libjawt.dylib
0x0000000132cb7000 	/private/var/folders/gy/grmmt33d5m5767xzpbpc6r840000gn/T/extension2474567584964760774.jnilib
0x0000000132f26000 	/private/var/folders/gy/grmmt33d5m5767xzpbpc6r840000gn/T/extension2377053480415235757.jnilib
0x0000000133247000 	/Library/Java/JavaVirtualMachines/jdk1.8.0_65.jdk/Contents/Home/jre/lib/libosx.dylib
0x00000001336a6000 	/Library/Java/JavaVirtualMachines/jdk1.8.0_65.jdk/Contents/Home/jre/lib/libosxui.dylib
0x000000012d854000 	/Library/Java/JavaVirtualMachines/jdk1.8.0_65.jdk/Contents/Home/jre/lib/libdcpr.dylib
0x0000000029ff7000 	/System/Library/PrivateFrameworks/CloudDocs.framework/Versions/A/CloudDocs
0x0000000029ff7000 	/System/Library/Frameworks/CloudKit.framework/Versions/A/CloudKit
0x0000000029ff7000 	/System/Library/PrivateFrameworks/MMCS.framework/Versions/A/MMCS
0x0000000029ff7000 	/System/Library/Frameworks/CoreLocation.framework/Versions/A/CoreLocation
0x0000000029ff7000 	/System/Library/PrivateFrameworks/AssetCacheServices.framework/Versions/A/AssetCacheServices
0x0000000029ff7000 	/System/Library/PrivateFrameworks/GeoServices.framework/Versions/A/GeoServices
0x0000000029ff7000 	/System/Library/PrivateFrameworks/FinderKit.framework/Versions/A/FinderKit
0x0000000029ff7000 	/System/Library/Frameworks/Quartz.framework/Versions/A/Frameworks/QuickLookUI.framework/Versions/A/QuickLookUI
0x0000000029ff7000 	/System/Library/Frameworks/Quartz.framework/Versions/A/Frameworks/ImageKit.framework/Versions/A/ImageKit
0x0000000029ff7000 	/System/Library/PrivateFrameworks/Bom.framework/Versions/A/Bom
0x0000000029ff7000 	/System/Library/Frameworks/QuickLook.framework/Versions/A/QuickLook
0x0000000029ff7000 	/System/Library/PrivateFrameworks/Suggestions.framework/Versions/A/Suggestions
0x0000000029ff7000 	/System/Library/PrivateFrameworks/AppleSystemInfo.framework/Versions/A/AppleSystemInfo
0x0000000029ff7000 	/System/Library/Frameworks/ImageCaptureCore.framework/Versions/A/ImageCaptureCore
0x0000000029ff7000 	/System/Library/Frameworks/SafariServices.framework/Versions/A/SafariServices
0x0000000029ff7000 	/System/Library/Frameworks/QTKit.framework/Versions/A/QTKit
0x0000000029ff7000 	/System/Library/PrivateFrameworks/MobileKeyBag.framework/Versions/A/MobileKeyBag
0x0000000029ff7000 	/System/Library/Frameworks/AVFoundation.framework/Versions/A/AVFoundation
0x0000000029ff7000 	/System/Library/Frameworks/CoreMedia.framework/Versions/A/CoreMedia
0x0000000029ff7000 	/System/Library/Frameworks/MediaToolbox.framework/Versions/A/MediaToolbox
0x0000000029ff7000 	/System/Library/Frameworks/VideoToolbox.framework/Versions/A/VideoToolbox
0x0000000029ff7000 	/System/Library/PrivateFrameworks/CoreMediaAuthoring.framework/Versions/A/CoreMediaAuthoring
0x0000000029ff7000 	/System/Library/Frameworks/CoreMediaIO.framework/Versions/A/CoreMediaIO
0x0000000029ff7000 	/System/Library/Frameworks/AVFoundation.framework/Versions/A/Frameworks/AVFAudio.framework/Versions/A/AVFAudio
0x0000000029ff7000 	/System/Library/PrivateFrameworks/IntlPreferences.framework/Versions/A/IntlPreferences
0x0000000029ff7000 	/usr/lib/libspindump.dylib
0x0000000029ff7000 	/usr/lib/libdscsym.dylib
0x0000000029ff7000 	/System/Library/PrivateFrameworks/CoreAVCHD.framework/Versions/A/CoreAVCHD
0x0000000029ff7000 	/System/Library/Frameworks/MediaAccessibility.framework/Versions/A/MediaAccessibility
0x0000000029ff7000 	/System/Library/PrivateFrameworks/Mangrove.framework/Versions/A/Mangrove
0x0000000029ff7000 	/System/Library/PrivateFrameworks/CoreAUC.framework/Versions/A/CoreAUC
0x0000000029ff7000 	/System/Library/PrivateFrameworks/AppleVA.framework/Versions/A/AppleVA
0x0000000029ff7000 	/System/Library/PrivateFrameworks/QuickLookThumbnailing.framework/Versions/A/QuickLookThumbnailing
0x0000000029ff7000 	/System/Library/PrivateFrameworks/DisplayServices.framework/Versions/A/DisplayServices
0x0000000029ff7000 	/System/Library/Frameworks/Quartz.framework/Versions/A/Frameworks/PDFKit.framework/Versions/A/PDFKit
0x0000000029ff7000 	/System/Library/Frameworks/Quartz.framework/Versions/A/Frameworks/QuartzComposer.framework/Versions/A/QuartzComposer
0x0000000029ff7000 	/System/Library/Frameworks/Quartz.framework/Versions/A/Frameworks/QuartzFilters.framework/Versions/A/QuartzFilters
0x0000000029ff7000 	/System/Library/PrivateFrameworks/CorePDF.framework/Versions/A/CorePDF
0x0000000029ff7000 	/System/Library/Frameworks/JavaScriptCore.framework/Versions/A/JavaScriptCore
0x0000000029ff7000 	/System/Library/Frameworks/AddressBook.framework/Versions/A/AddressBook
0x0000000029ff7000 	/System/Library/PrivateFrameworks/ContactsPersistence.framework/Versions/A/ContactsPersistence
0x0000000029ff7000 	/System/Library/PrivateFrameworks/CalendarAgentLink.framework/Versions/A/CalendarAgentLink
0x0000000029ff7000 	/System/Library/PrivateFrameworks/ContactsFoundation.framework/Versions/A/ContactsFoundation
0x0000000029ff7000 	/System/Library/PrivateFrameworks/vCard.framework/Versions/A/vCard
0x0000000029ff7000 	/System/Library/PrivateFrameworks/ToneLibrary.framework/Versions/A/ToneLibrary
0x0000000029ff7000 	/System/Library/PrivateFrameworks/ToneKit.framework/Versions/A/ToneKit
0x0000000029ff7000 	/System/Library/PrivateFrameworks/ApplePushService.framework/Versions/A/ApplePushService
0x0000000029ff7000 	/System/Library/Frameworks/SecurityInterface.framework/Versions/A/SecurityInterface
0x0000000029ff7000 	/System/Library/PrivateFrameworks/PhoneNumbers.framework/Versions/A/PhoneNumbers
0x0000000029ff7000 	/System/Library/Frameworks/Quartz.framework/Versions/A/Quartz
0x0000000029ff7000 	/System/Library/Frameworks/Accounts.framework/Versions/A/Accounts
0x0000000029ff7000 	/System/Library/PrivateFrameworks/OAuth.framework/Versions/A/OAuth
0x0000000029ff7000 	/System/Library/PrivateFrameworks/CacheDelete.framework/Versions/A/CacheDelete
0x0000000029ff7000 	/System/Library/PrivateFrameworks/PlugInKit.framework/Versions/A/PlugInKit
0x00000001a6a2f000 	/System/Library/Frameworks/Security.framework/PlugIns/csparser.bundle/Contents/MacOS/csparser
0x00000001a9f1d000 	/System/Library/PrivateFrameworks/CoreNLP.framework/Versions/A/CoreNLP
0x0000000029ff7000 	/System/Library/PrivateFrameworks/DataDetectors.framework/Versions/A/DataDetectors
0x0000000029ff7000 	/System/Library/Frameworks/WebKit.framework/Versions/A/WebKit
0x0000000029ff7000 	/System/Library/Frameworks/WebKit.framework/Versions/A/Frameworks/WebKitLegacy.framework/Versions/A/WebKitLegacy
0x0000000029ff7000 	/System/Library/Frameworks/WebKit.framework/Versions/A/Frameworks/WebCore.framework/Versions/A/WebCore

VM Arguments:
java_command: ./install/ZhongHangHome3D-5.5.2.jar
java_class_path (initial): ./install/ZhongHangHome3D-5.5.2.jar
Launcher Type: SUN_STANDARD

Environment Variables:
JAVA_HOME=/Library/Java/JavaVirtualMachines/jdk1.8.0_65.jdk/Contents/Home
PATH=/Users/gouyunfei/anaconda2/bin:/opt/local/bin:/opt/local/sbin:.:/usr/local/bin:/usr/bin:/bin:/usr/sbin:/sbin:/opt/X11/bin:/Applications/Wireshark.app/Contents/MacOS:/Library/Java/JavaVirtualMachines/jdk1.8.0_65.jdk/Contents/Home/bin:/Users/gouyunfei/Documents/tools/maven/apache-maven-3.3.9/bin:/Users/gouyunfei/Documents/tools/selenium_driver/:/Users/gouyunfei/Documents/tools/ant/apache-ant-1.10.1/bin
SHELL=/bin/bash
DISPLAY=/private/tmp/com.apple.launchd.AUP1NUmIKR/org.macosforge.xquartz:0

Signal Handlers:
SIGSEGV: [libjvm.dylib+0x5a6d31], sa_mask[0]=11111111011111110111111111111111, sa_flags=SA_ONSTACK|SA_RESTART|SA_SIGINFO
SIGBUS: [libjvm.dylib+0x5a6d31], sa_mask[0]=11111111011111110111111111111111, sa_flags=SA_RESTART|SA_SIGINFO
SIGFPE: [libjvm.dylib+0x480a40], sa_mask[0]=11111111011111110111111111111111, sa_flags=SA_RESTART|SA_SIGINFO
SIGPIPE: [libjvm.dylib+0x480a40], sa_mask[0]=11111111011111110111111111111111, sa_flags=SA_RESTART|SA_SIGINFO
SIGXFSZ: [libjvm.dylib+0x480a40], sa_mask[0]=11111111011111110111111111111111, sa_flags=SA_RESTART|SA_SIGINFO
SIGILL: [libjvm.dylib+0x480a40], sa_mask[0]=11111111011111110111111111111111, sa_flags=SA_RESTART|SA_SIGINFO
SIGUSR1: SIG_DFL, sa_mask[0]=11011111011111100000000111000110, sa_flags=none
SIGUSR2: [libjvm.dylib+0x48055e], sa_mask[0]=00000000000000000000000000000000, sa_flags=SA_RESTART|SA_SIGINFO
SIGHUP: [libjvm.dylib+0x47eb35], sa_mask[0]=11111111011111110111111111111111, sa_flags=SA_RESTART|SA_SIGINFO
SIGINT: [libjvm.dylib+0x47eb35], sa_mask[0]=11111111011111110111111111111111, sa_flags=SA_RESTART|SA_SIGINFO
SIGTERM: [libjvm.dylib+0x47eb35], sa_mask[0]=11111111011111110111111111111111, sa_flags=SA_RESTART|SA_SIGINFO
SIGQUIT: [libjvm.dylib+0x47eb35], sa_mask[0]=11111111011111110111111111111111, sa_flags=SA_RESTART|SA_SIGINFO


---------------  S Y S T E M  ---------------

OS:Bsduname:Darwin 16.7.0 Darwin Kernel Version 16.7.0: Thu Jun 15 17:36:27 PDT 2017; root:xnu-3789.70.16~2/RELEASE_X86_64 x86_64
rlimit: STACK 8192k, CORE 0k, NPROC 709, NOFILE 10240, AS infinity
load average:2.28 1.94 1.78

CPU:total 8 (4 cores per cpu, 2 threads per core) family 6 model 70 stepping 1, cmov, cx8, fxsr, mmx, sse, sse2, sse3, ssse3, sse4.1, sse4.2, popcnt, avx, avx2, aes, clmul, erms, lzcnt, ht, tsc, tscinvbit, bmi1, bmi2

Memory: 4k page, physical 16777216k(3226096k free)

/proc/meminfo:


vm_info: Java HotSpot(TM) 64-Bit Server VM (25.65-b01) for bsd-amd64 JRE (1.8.0_65-b17), built on Oct  6 2015 15:36:46 by "java_re" with gcc 4.2.1 (Based on Apple Inc. build 5658) (LLVM build 2336.11.00)

time: Thu Jan  4 10:31:11 2018
elapsed time: 62461 seconds (0d 17h 21m 1s)

